#
# There is insufficient memory for the Java Runtime Environment to continue.
# Native memory allocation (malloc) failed to allocate 2049536 bytes for Chunk::new
# Possible reasons:
#   The system is out of physical RAM or swap space
#   The process is running with CompressedOops enabled, and the Java Heap may be blocking the growth of the native heap
# Possible solutions:
#   Reduce memory load on the system
#   Increase physical memory or swap space
#   Check if swap backing store is full
#   Decrease Java heap size (-Xmx/-Xms)
#   Decrease number of Java threads
#   Decrease Java thread stack sizes (-Xss)
#   Set larger code cache with -XX:ReservedCodeCacheSize=
#   JVM is running with Zero Based Compressed Oops mode in which the Java heap is
#     placed in the first 32GB address space. The Java Heap base address is the
#     maximum limit for the native heap growth. Please use -XX:HeapBaseMinAddress
#     to set the Java Heap base and to place the Java Heap above 32GB virtual address.
# This output file may be truncated or incomplete.
#
#  Out of Memory Error (arena.cpp:189), pid=17820, tid=1436
#
# JRE version: Java(TM) SE Runtime Environment (17.0.6+9) (build 17.0.6+9-LTS-190)
# Java VM: Java HotSpot(TM) 64-Bit Server VM (17.0.6+9-LTS-190, mixed mode, sharing, tiered, compressed oops, compressed class ptrs, g1 gc, windows-amd64)
# No core dump will be written. Minidumps are not enabled by default on client versions of Windows
#

---------------  S U M M A R Y ------------

Command Line: -javaagent:C:\Program Files\JetBrains\IntelliJ IDEA Community Edition 2023.1.2\lib\idea_rt.jar=53058:C:\Program Files\JetBrains\IntelliJ IDEA Community Edition 2023.1.2\bin -Dfile.encoding=UTF-8 com.microservices.employeeservice.EmployeeServiceApplication

Host: Intel(R) Core(TM) i5-6300U CPU @ 2.40GHz, 4 cores, 15G,  Windows 10 , 64 bit Build 19041 (10.0.19041.3393)
Time: Thu Sep 28 01:26:06 2023 Maroc (heure d64 bit Build 19041 (10.0.19041.3393) elapsed time: 6.974467 seconds (0d 0h 0m 6s)

---------------  T H R E A D  ---------------

Current thread (0x000001de329f62a0):  JavaThread "C2 CompilerThread0" daemon [_thread_in_native, id=1436, stack(0x00000052a1e00000,0x00000052a1f00000)]


Current CompileTask:
C2:   6974 1838       4       org.springframework.boot.context.config.ConfigDataEnvironmentContributor$ContributorIterator::fetchIfNecessary (153 bytes)

Stack: [0x00000052a1e00000,0x00000052a1f00000]
Native frames: (J=compiled Java code, j=interpreted, Vv=VM code, C=native code)
V  [jvm.dll+0x6734ea]
V  [jvm.dll+0x7d18f4]
V  [jvm.dll+0x7d309e]
V  [jvm.dll+0x7d3703]
V  [jvm.dll+0x2433c5]
V  [jvm.dll+0xaa46b]
V  [jvm.dll+0xaaa0c]
V  [jvm.dll+0x35eb2e]
V  [jvm.dll+0x329401]
V  [jvm.dll+0x32889a]
V  [jvm.dll+0x215ddf]
V  [jvm.dll+0x215211]
V  [jvm.dll+0x1a1730]
V  [jvm.dll+0x224b6e]
V  [jvm.dll+0x222f15]
V  [jvm.dll+0x78753c]
V  [jvm.dll+0x781a7a]
V  [jvm.dll+0x672375]
C  [ucrtbase.dll+0x21bb2]
C  [KERNEL32.DLL+0x17344]
C  [ntdll.dll+0x526b1]


---------------  P R O C E S S  ---------------

Threads class SMR info:
_java_thread_list=0x000001de347cbd00, length=16, elements={
0x000001de109b45c0, 0x000001de329de0e0, 0x000001de329ded50, 0x000001de329f3800,
0x000001de329f41b0, 0x000001de329f4b60, 0x000001de329f5510, 0x000001de329f62a0,
0x000001de3343cfe0, 0x000001de3344fc80, 0x000001de334dbc70, 0x000001de337de5e0,
0x000001de336261a0, 0x000001de3513e6f0, 0x000001de34277410, 0x000001de34e01af0
}

Java Threads: ( => current thread )
  0x000001de109b45c0 JavaThread "main" [_thread_in_vm, id=18368, stack(0x00000052a1100000,0x00000052a1200000)]
  0x000001de329de0e0 JavaThread "Reference Handler" daemon [_thread_blocked, id=7668, stack(0x00000052a1800000,0x00000052a1900000)]
  0x000001de329ded50 JavaThread "Finalizer" daemon [_thread_blocked, id=4492, stack(0x00000052a1900000,0x00000052a1a00000)]
  0x000001de329f3800 JavaThread "Signal Dispatcher" daemon [_thread_blocked, id=15756, stack(0x00000052a1a00000,0x00000052a1b00000)]
  0x000001de329f41b0 JavaThread "Attach Listener" daemon [_thread_blocked, id=12076, stack(0x00000052a1b00000,0x00000052a1c00000)]
  0x000001de329f4b60 JavaThread "Service Thread" daemon [_thread_blocked, id=7696, stack(0x00000052a1c00000,0x00000052a1d00000)]
  0x000001de329f5510 JavaThread "Monitor Deflation Thread" daemon [_thread_blocked, id=21112, stack(0x00000052a1d00000,0x00000052a1e00000)]
=>0x000001de329f62a0 JavaThread "C2 CompilerThread0" daemon [_thread_in_native, id=1436, stack(0x00000052a1e00000,0x00000052a1f00000)]
  0x000001de3343cfe0 JavaThread "C1 CompilerThread0" daemon [_thread_blocked, id=11708, stack(0x00000052a1f00000,0x00000052a2000000)]
  0x000001de3344fc80 JavaThread "Sweeper thread" daemon [_thread_blocked, id=11780, stack(0x00000052a2000000,0x00000052a2100000)]
  0x000001de334dbc70 JavaThread "Common-Cleaner" daemon [_thread_blocked, id=21252, stack(0x00000052a2100000,0x00000052a2200000)]
  0x000001de337de5e0 JavaThread "Monitor Ctrl-Break" daemon [_thread_in_native, id=4528, stack(0x00000052a2200000,0x00000052a2300000)]
  0x000001de336261a0 JavaThread "Notification Thread" daemon [_thread_blocked, id=14064, stack(0x00000052a2300000,0x00000052a2400000)]
  0x000001de3513e6f0 JavaThread "Keep-Alive-Timer" daemon [_thread_blocked, id=4352, stack(0x00000052a2800000,0x00000052a2900000)]
  0x000001de34277410 JavaThread "C2 CompilerThread1" daemon [_thread_in_native, id=16532, stack(0x00000052a2a00000,0x00000052a2b00000)]
  0x000001de34e01af0 JavaThread "background-preinit" [_thread_in_Java, id=17968, stack(0x00000052a2b00000,0x00000052a2c00000)]

Other Threads:
  0x000001de329d9590 VMThread "VM Thread" [stack: 0x00000052a1700000,0x00000052a1800000] [id=14436]
  0x000001de337deab0 WatcherThread [stack: 0x00000052a2400000,0x00000052a2500000] [id=19980]
  0x000001de10a1c1d0 GCTaskThread "GC Thread#0" [stack: 0x00000052a1200000,0x00000052a1300000] [id=21148]
  0x000001de33996040 GCTaskThread "GC Thread#1" [stack: 0x00000052a2500000,0x00000052a2600000] [id=3424]
  0x000001de33ba5bc0 GCTaskThread "GC Thread#2" [stack: 0x00000052a2600000,0x00000052a2700000] [id=16664]
  0x000001de33a94f60 GCTaskThread "GC Thread#3" [stack: 0x00000052a2700000,0x00000052a2800000] [id=1140]
  0x000001de10a2c7e0 ConcurrentGCThread "G1 Main Marker" [stack: 0x00000052a1300000,0x00000052a1400000] [id=16536]
  0x000001de10a2f500 ConcurrentGCThread "G1 Conc#0" [stack: 0x00000052a1400000,0x00000052a1500000] [id=19156]
  0x000001de328a34e0 ConcurrentGCThread "G1 Refine#0" [stack: 0x00000052a1500000,0x00000052a1600000] [id=17724]
  0x000001de328a3e00 ConcurrentGCThread "G1 Service" [stack: 0x00000052a1600000,0x00000052a1700000] [id=4172]

Threads with active compile tasks:
C2 CompilerThread0     7062 1838       4       org.springframework.boot.context.config.ConfigDataEnvironmentContributor$ContributorIterator::fetchIfNecessary (153 bytes)
C2 CompilerThread1     7062 1837 %     4       org.springframework.boot.context.properties.source.ConfigurationPropertyName$ElementsParser::parse @ 23 (234 bytes)

VM state: not at safepoint (normal execution)

VM Mutex/Monitor currently owned by a thread: None

Heap address: 0x0000000709200000, size: 3950 MB, Compressed Oops mode: Zero based, Oop shift amount: 3

CDS archive(s) mapped at: [0x0000000800000000-0x0000000800bd0000-0x0000000800bd0000), size 12386304, SharedBaseAddress: 0x0000000800000000, ArchiveRelocationMode: 0.
Compressed class space mapped at: 0x0000000800c00000-0x0000000840c00000, reserved size: 1073741824
Narrow klass base: 0x0000000800000000, Narrow klass shift: 0, Narrow klass range: 0x100000000

GC Precious Log:
 CPUs: 4 total, 4 available
 Memory: 15795M
 Large Page Support: Disabled
 NUMA Support: Disabled
 Compressed Oops: Enabled (Zero based)
 Heap Region Size: 2M
 Heap Min Capacity: 8M
 Heap Initial Capacity: 248M
 Heap Max Capacity: 3950M
 Pre-touch: Disabled
 Parallel Workers: 4
 Concurrent Workers: 1
 Concurrent Refinement Workers: 4
 Periodic GC: Disabled

Heap:
 garbage-first heap   total 253952K, used 35047K [0x0000000709200000, 0x0000000800000000)
  region size 2048K, 16 young (32768K), 2 survivors (4096K)
 Metaspace       used 16122K, committed 16448K, reserved 1064960K
  class space    used 1976K, committed 2112K, reserved 1048576K

Heap Regions: E=young(eden), S=young(survivor), O=old, HS=humongous(starts), HC=humongous(continues), CS=collection set, F=free, OA=open archive, CA=closed archive, TAMS=top-at-mark-start (previous, next)
|   0|0x0000000709200000, 0x0000000709400000, 0x0000000709400000|100%| O|  |TAMS 0x0000000709200000, 0x0000000709200000| Untracked 
|   1|0x0000000709400000, 0x0000000709600000, 0x0000000709600000|100%| O|  |TAMS 0x0000000709400000, 0x0000000709400000| Untracked 
|   2|0x0000000709600000, 0x00000007097cf800, 0x0000000709800000| 90%| O|  |TAMS 0x0000000709600000, 0x0000000709600000| Untracked 
|   3|0x0000000709800000, 0x0000000709800000, 0x0000000709a00000|  0%| F|  |TAMS 0x0000000709800000, 0x0000000709800000| Untracked 
|   4|0x0000000709a00000, 0x0000000709a00000, 0x0000000709c00000|  0%| F|  |TAMS 0x0000000709a00000, 0x0000000709a00000| Untracked 
|   5|0x0000000709c00000, 0x0000000709c00000, 0x0000000709e00000|  0%| F|  |TAMS 0x0000000709c00000, 0x0000000709c00000| Untracked 
|   6|0x0000000709e00000, 0x0000000709e00000, 0x000000070a000000|  0%| F|  |TAMS 0x0000000709e00000, 0x0000000709e00000| Untracked 
|   7|0x000000070a000000, 0x000000070a000000, 0x000000070a200000|  0%| F|  |TAMS 0x000000070a000000, 0x000000070a000000| Untracked 
|   8|0x000000070a200000, 0x000000070a200000, 0x000000070a400000|  0%| F|  |TAMS 0x000000070a200000, 0x000000070a200000| Untracked 
|   9|0x000000070a400000, 0x000000070a400000, 0x000000070a600000|  0%| F|  |TAMS 0x000000070a400000, 0x000000070a400000| Untracked 
|  10|0x000000070a600000, 0x000000070a600000, 0x000000070a800000|  0%| F|  |TAMS 0x000000070a600000, 0x000000070a600000| Untracked 
|  11|0x000000070a800000, 0x000000070a800000, 0x000000070aa00000|  0%| F|  |TAMS 0x000000070a800000, 0x000000070a800000| Untracked 
|  12|0x000000070aa00000, 0x000000070aa00000, 0x000000070ac00000|  0%| F|  |TAMS 0x000000070aa00000, 0x000000070aa00000| Untracked 
|  13|0x000000070ac00000, 0x000000070ac00000, 0x000000070ae00000|  0%| F|  |TAMS 0x000000070ac00000, 0x000000070ac00000| Untracked 
|  14|0x000000070ae00000, 0x000000070ae00000, 0x000000070b000000|  0%| F|  |TAMS 0x000000070ae00000, 0x000000070ae00000| Untracked 
|  15|0x000000070b000000, 0x000000070b000000, 0x000000070b200000|  0%| F|  |TAMS 0x000000070b000000, 0x000000070b000000| Untracked 
|  16|0x000000070b200000, 0x000000070b200000, 0x000000070b400000|  0%| F|  |TAMS 0x000000070b200000, 0x000000070b200000| Untracked 
|  17|0x000000070b400000, 0x000000070b400000, 0x000000070b600000|  0%| F|  |TAMS 0x000000070b400000, 0x000000070b400000| Untracked 
|  18|0x000000070b600000, 0x000000070b600000, 0x000000070b800000|  0%| F|  |TAMS 0x000000070b600000, 0x000000070b600000| Untracked 
|  19|0x000000070b800000, 0x000000070b800000, 0x000000070ba00000|  0%| F|  |TAMS 0x000000070b800000, 0x000000070b800000| Untracked 
|  20|0x000000070ba00000, 0x000000070ba00000, 0x000000070bc00000|  0%| F|  |TAMS 0x000000070ba00000, 0x000000070ba00000| Untracked 
|  21|0x000000070bc00000, 0x000000070bc00000, 0x000000070be00000|  0%| F|  |TAMS 0x000000070bc00000, 0x000000070bc00000| Untracked 
|  22|0x000000070be00000, 0x000000070be00000, 0x000000070c000000|  0%| F|  |TAMS 0x000000070be00000, 0x000000070be00000| Untracked 
|  23|0x000000070c000000, 0x000000070c000000, 0x000000070c200000|  0%| F|  |TAMS 0x000000070c000000, 0x000000070c000000| Untracked 
|  24|0x000000070c200000, 0x000000070c200000, 0x000000070c400000|  0%| F|  |TAMS 0x000000070c200000, 0x000000070c200000| Untracked 
|  25|0x000000070c400000, 0x000000070c400000, 0x000000070c600000|  0%| F|  |TAMS 0x000000070c400000, 0x000000070c400000| Untracked 
|  26|0x000000070c600000, 0x000000070c600000, 0x000000070c800000|  0%| F|  |TAMS 0x000000070c600000, 0x000000070c600000| Untracked 
|  27|0x000000070c800000, 0x000000070c800000, 0x000000070ca00000|  0%| F|  |TAMS 0x000000070c800000, 0x000000070c800000| Untracked 
|  28|0x000000070ca00000, 0x000000070ca00000, 0x000000070cc00000|  0%| F|  |TAMS 0x000000070ca00000, 0x000000070ca00000| Untracked 
|  29|0x000000070cc00000, 0x000000070cc00000, 0x000000070ce00000|  0%| F|  |TAMS 0x000000070cc00000, 0x000000070cc00000| Untracked 
|  30|0x000000070ce00000, 0x000000070ce00000, 0x000000070d000000|  0%| F|  |TAMS 0x000000070ce00000, 0x000000070ce00000| Untracked 
|  31|0x000000070d000000, 0x000000070d000000, 0x000000070d200000|  0%| F|  |TAMS 0x000000070d000000, 0x000000070d000000| Untracked 
|  32|0x000000070d200000, 0x000000070d200000, 0x000000070d400000|  0%| F|  |TAMS 0x000000070d200000, 0x000000070d200000| Untracked 
|  33|0x000000070d400000, 0x000000070d400000, 0x000000070d600000|  0%| F|  |TAMS 0x000000070d400000, 0x000000070d400000| Untracked 
|  34|0x000000070d600000, 0x000000070d600000, 0x000000070d800000|  0%| F|  |TAMS 0x000000070d600000, 0x000000070d600000| Untracked 
|  35|0x000000070d800000, 0x000000070d800000, 0x000000070da00000|  0%| F|  |TAMS 0x000000070d800000, 0x000000070d800000| Untracked 
|  36|0x000000070da00000, 0x000000070da00000, 0x000000070dc00000|  0%| F|  |TAMS 0x000000070da00000, 0x000000070da00000| Untracked 
|  37|0x000000070dc00000, 0x000000070dc00000, 0x000000070de00000|  0%| F|  |TAMS 0x000000070dc00000, 0x000000070dc00000| Untracked 
|  38|0x000000070de00000, 0x000000070de00000, 0x000000070e000000|  0%| F|  |TAMS 0x000000070de00000, 0x000000070de00000| Untracked 
|  39|0x000000070e000000, 0x000000070e000000, 0x000000070e200000|  0%| F|  |TAMS 0x000000070e000000, 0x000000070e000000| Untracked 
|  40|0x000000070e200000, 0x000000070e200000, 0x000000070e400000|  0%| F|  |TAMS 0x000000070e200000, 0x000000070e200000| Untracked 
|  41|0x000000070e400000, 0x000000070e400000, 0x000000070e600000|  0%| F|  |TAMS 0x000000070e400000, 0x000000070e400000| Untracked 
|  42|0x000000070e600000, 0x000000070e600000, 0x000000070e800000|  0%| F|  |TAMS 0x000000070e600000, 0x000000070e600000| Untracked 
|  43|0x000000070e800000, 0x000000070e800000, 0x000000070ea00000|  0%| F|  |TAMS 0x000000070e800000, 0x000000070e800000| Untracked 
|  44|0x000000070ea00000, 0x000000070ea00000, 0x000000070ec00000|  0%| F|  |TAMS 0x000000070ea00000, 0x000000070ea00000| Untracked 
|  45|0x000000070ec00000, 0x000000070ec00000, 0x000000070ee00000|  0%| F|  |TAMS 0x000000070ec00000, 0x000000070ec00000| Untracked 
|  46|0x000000070ee00000, 0x000000070ee00000, 0x000000070f000000|  0%| F|  |TAMS 0x000000070ee00000, 0x000000070ee00000| Untracked 
|  47|0x000000070f000000, 0x000000070f000000, 0x000000070f200000|  0%| F|  |TAMS 0x000000070f000000, 0x000000070f000000| Untracked 
|  48|0x000000070f200000, 0x000000070f200000, 0x000000070f400000|  0%| F|  |TAMS 0x000000070f200000, 0x000000070f200000| Untracked 
|  49|0x000000070f400000, 0x000000070f400000, 0x000000070f600000|  0%| F|  |TAMS 0x000000070f400000, 0x000000070f400000| Untracked 
|  50|0x000000070f600000, 0x000000070f600000, 0x000000070f800000|  0%| F|  |TAMS 0x000000070f600000, 0x000000070f600000| Untracked 
|  51|0x000000070f800000, 0x000000070f800000, 0x000000070fa00000|  0%| F|  |TAMS 0x000000070f800000, 0x000000070f800000| Untracked 
|  52|0x000000070fa00000, 0x000000070fa00000, 0x000000070fc00000|  0%| F|  |TAMS 0x000000070fa00000, 0x000000070fa00000| Untracked 
|  53|0x000000070fc00000, 0x000000070fc00000, 0x000000070fe00000|  0%| F|  |TAMS 0x000000070fc00000, 0x000000070fc00000| Untracked 
|  54|0x000000070fe00000, 0x000000070fe00000, 0x0000000710000000|  0%| F|  |TAMS 0x000000070fe00000, 0x000000070fe00000| Untracked 
|  55|0x0000000710000000, 0x0000000710000000, 0x0000000710200000|  0%| F|  |TAMS 0x0000000710000000, 0x0000000710000000| Untracked 
|  56|0x0000000710200000, 0x0000000710200000, 0x0000000710400000|  0%| F|  |TAMS 0x0000000710200000, 0x0000000710200000| Untracked 
|  57|0x0000000710400000, 0x0000000710400000, 0x0000000710600000|  0%| F|  |TAMS 0x0000000710400000, 0x0000000710400000| Untracked 
|  58|0x0000000710600000, 0x0000000710600000, 0x0000000710800000|  0%| F|  |TAMS 0x0000000710600000, 0x0000000710600000| Untracked 
|  59|0x0000000710800000, 0x0000000710800000, 0x0000000710a00000|  0%| F|  |TAMS 0x0000000710800000, 0x0000000710800000| Untracked 
|  60|0x0000000710a00000, 0x0000000710a00000, 0x0000000710c00000|  0%| F|  |TAMS 0x0000000710a00000, 0x0000000710a00000| Untracked 
|  61|0x0000000710c00000, 0x0000000710c00000, 0x0000000710e00000|  0%| F|  |TAMS 0x0000000710c00000, 0x0000000710c00000| Untracked 
|  62|0x0000000710e00000, 0x0000000710e00000, 0x0000000711000000|  0%| F|  |TAMS 0x0000000710e00000, 0x0000000710e00000| Untracked 
|  63|0x0000000711000000, 0x0000000711000000, 0x0000000711200000|  0%| F|  |TAMS 0x0000000711000000, 0x0000000711000000| Untracked 
|  64|0x0000000711200000, 0x0000000711200000, 0x0000000711400000|  0%| F|  |TAMS 0x0000000711200000, 0x0000000711200000| Untracked 
|  65|0x0000000711400000, 0x0000000711400000, 0x0000000711600000|  0%| F|  |TAMS 0x0000000711400000, 0x0000000711400000| Untracked 
|  66|0x0000000711600000, 0x0000000711600000, 0x0000000711800000|  0%| F|  |TAMS 0x0000000711600000, 0x0000000711600000| Untracked 
|  67|0x0000000711800000, 0x0000000711800000, 0x0000000711a00000|  0%| F|  |TAMS 0x0000000711800000, 0x0000000711800000| Untracked 
|  68|0x0000000711a00000, 0x0000000711a00000, 0x0000000711c00000|  0%| F|  |TAMS 0x0000000711a00000, 0x0000000711a00000| Untracked 
|  69|0x0000000711c00000, 0x0000000711c00000, 0x0000000711e00000|  0%| F|  |TAMS 0x0000000711c00000, 0x0000000711c00000| Untracked 
|  70|0x0000000711e00000, 0x0000000711e00000, 0x0000000712000000|  0%| F|  |TAMS 0x0000000711e00000, 0x0000000711e00000| Untracked 
|  71|0x0000000712000000, 0x0000000712000000, 0x0000000712200000|  0%| F|  |TAMS 0x0000000712000000, 0x0000000712000000| Untracked 
|  72|0x0000000712200000, 0x0000000712200000, 0x0000000712400000|  0%| F|  |TAMS 0x0000000712200000, 0x0000000712200000| Untracked 
|  73|0x0000000712400000, 0x0000000712400000, 0x0000000712600000|  0%| F|  |TAMS 0x0000000712400000, 0x0000000712400000| Untracked 
|  74|0x0000000712600000, 0x0000000712600000, 0x0000000712800000|  0%| F|  |TAMS 0x0000000712600000, 0x0000000712600000| Untracked 
|  75|0x0000000712800000, 0x0000000712800000, 0x0000000712a00000|  0%| F|  |TAMS 0x0000000712800000, 0x0000000712800000| Untracked 
|  76|0x0000000712a00000, 0x0000000712a00000, 0x0000000712c00000|  0%| F|  |TAMS 0x0000000712a00000, 0x0000000712a00000| Untracked 
|  77|0x0000000712c00000, 0x0000000712c00000, 0x0000000712e00000|  0%| F|  |TAMS 0x0000000712c00000, 0x0000000712c00000| Untracked 
|  78|0x0000000712e00000, 0x0000000712e00000, 0x0000000713000000|  0%| F|  |TAMS 0x0000000712e00000, 0x0000000712e00000| Untracked 
|  79|0x0000000713000000, 0x0000000713000000, 0x0000000713200000|  0%| F|  |TAMS 0x0000000713000000, 0x0000000713000000| Untracked 
|  80|0x0000000713200000, 0x0000000713200000, 0x0000000713400000|  0%| F|  |TAMS 0x0000000713200000, 0x0000000713200000| Untracked 
|  81|0x0000000713400000, 0x0000000713400000, 0x0000000713600000|  0%| F|  |TAMS 0x0000000713400000, 0x0000000713400000| Untracked 
|  82|0x0000000713600000, 0x0000000713600000, 0x0000000713800000|  0%| F|  |TAMS 0x0000000713600000, 0x0000000713600000| Untracked 
|  83|0x0000000713800000, 0x0000000713800000, 0x0000000713a00000|  0%| F|  |TAMS 0x0000000713800000, 0x0000000713800000| Untracked 
|  84|0x0000000713a00000, 0x0000000713a00000, 0x0000000713c00000|  0%| F|  |TAMS 0x0000000713a00000, 0x0000000713a00000| Untracked 
|  85|0x0000000713c00000, 0x0000000713c00000, 0x0000000713e00000|  0%| F|  |TAMS 0x0000000713c00000, 0x0000000713c00000| Untracked 
|  86|0x0000000713e00000, 0x0000000713e00000, 0x0000000714000000|  0%| F|  |TAMS 0x0000000713e00000, 0x0000000713e00000| Untracked 
|  87|0x0000000714000000, 0x0000000714000000, 0x0000000714200000|  0%| F|  |TAMS 0x0000000714000000, 0x0000000714000000| Untracked 
|  88|0x0000000714200000, 0x0000000714200000, 0x0000000714400000|  0%| F|  |TAMS 0x0000000714200000, 0x0000000714200000| Untracked 
|  89|0x0000000714400000, 0x0000000714400000, 0x0000000714600000|  0%| F|  |TAMS 0x0000000714400000, 0x0000000714400000| Untracked 
|  90|0x0000000714600000, 0x0000000714600000, 0x0000000714800000|  0%| F|  |TAMS 0x0000000714600000, 0x0000000714600000| Untracked 
|  91|0x0000000714800000, 0x0000000714800000, 0x0000000714a00000|  0%| F|  |TAMS 0x0000000714800000, 0x0000000714800000| Untracked 
|  92|0x0000000714a00000, 0x0000000714a00000, 0x0000000714c00000|  0%| F|  |TAMS 0x0000000714a00000, 0x0000000714a00000| Untracked 
|  93|0x0000000714c00000, 0x0000000714c00000, 0x0000000714e00000|  0%| F|  |TAMS 0x0000000714c00000, 0x0000000714c00000| Untracked 
|  94|0x0000000714e00000, 0x0000000714e00000, 0x0000000715000000|  0%| F|  |TAMS 0x0000000714e00000, 0x0000000714e00000| Untracked 
|  95|0x0000000715000000, 0x0000000715000000, 0x0000000715200000|  0%| F|  |TAMS 0x0000000715000000, 0x0000000715000000| Untracked 
|  96|0x0000000715200000, 0x0000000715200000, 0x0000000715400000|  0%| F|  |TAMS 0x0000000715200000, 0x0000000715200000| Untracked 
|  97|0x0000000715400000, 0x0000000715400000, 0x0000000715600000|  0%| F|  |TAMS 0x0000000715400000, 0x0000000715400000| Untracked 
|  98|0x0000000715600000, 0x0000000715600000, 0x0000000715800000|  0%| F|  |TAMS 0x0000000715600000, 0x0000000715600000| Untracked 
|  99|0x0000000715800000, 0x0000000715800000, 0x0000000715a00000|  0%| F|  |TAMS 0x0000000715800000, 0x0000000715800000| Untracked 
| 100|0x0000000715a00000, 0x0000000715a00000, 0x0000000715c00000|  0%| F|  |TAMS 0x0000000715a00000, 0x0000000715a00000| Untracked 
| 101|0x0000000715c00000, 0x0000000715c00000, 0x0000000715e00000|  0%| F|  |TAMS 0x0000000715c00000, 0x0000000715c00000| Untracked 
| 102|0x0000000715e00000, 0x0000000715e00000, 0x0000000716000000|  0%| F|  |TAMS 0x0000000715e00000, 0x0000000715e00000| Untracked 
| 103|0x0000000716000000, 0x0000000716000000, 0x0000000716200000|  0%| F|  |TAMS 0x0000000716000000, 0x0000000716000000| Untracked 
| 104|0x0000000716200000, 0x0000000716200000, 0x0000000716400000|  0%| F|  |TAMS 0x0000000716200000, 0x0000000716200000| Untracked 
| 105|0x0000000716400000, 0x0000000716400000, 0x0000000716600000|  0%| F|  |TAMS 0x0000000716400000, 0x0000000716400000| Untracked 
| 106|0x0000000716600000, 0x0000000716600000, 0x0000000716800000|  0%| F|  |TAMS 0x0000000716600000, 0x0000000716600000| Untracked 
| 107|0x0000000716800000, 0x0000000716800000, 0x0000000716a00000|  0%| F|  |TAMS 0x0000000716800000, 0x0000000716800000| Untracked 
| 108|0x0000000716a00000, 0x0000000716ad78b8, 0x0000000716c00000| 42%| E|  |TAMS 0x0000000716a00000, 0x0000000716a00000| Complete 
| 109|0x0000000716c00000, 0x0000000716e00000, 0x0000000716e00000|100%| E|CS|TAMS 0x0000000716c00000, 0x0000000716c00000| Complete 
| 110|0x0000000716e00000, 0x0000000717000000, 0x0000000717000000|100%| E|CS|TAMS 0x0000000716e00000, 0x0000000716e00000| Complete 
| 111|0x0000000717000000, 0x000000071706a5d8, 0x0000000717200000| 20%| S|CS|TAMS 0x0000000717000000, 0x0000000717000000| Complete 
| 112|0x0000000717200000, 0x0000000717400000, 0x0000000717400000|100%| S|CS|TAMS 0x0000000717200000, 0x0000000717200000| Complete 
| 113|0x0000000717400000, 0x0000000717600000, 0x0000000717600000|100%| E|CS|TAMS 0x0000000717400000, 0x0000000717400000| Complete 
| 114|0x0000000717600000, 0x0000000717800000, 0x0000000717800000|100%| E|CS|TAMS 0x0000000717600000, 0x0000000717600000| Complete 
| 115|0x0000000717800000, 0x0000000717a00000, 0x0000000717a00000|100%| E|CS|TAMS 0x0000000717800000, 0x0000000717800000| Complete 
| 116|0x0000000717a00000, 0x0000000717c00000, 0x0000000717c00000|100%| E|CS|TAMS 0x0000000717a00000, 0x0000000717a00000| Complete 
| 117|0x0000000717c00000, 0x0000000717e00000, 0x0000000717e00000|100%| E|CS|TAMS 0x0000000717c00000, 0x0000000717c00000| Complete 
| 118|0x0000000717e00000, 0x0000000718000000, 0x0000000718000000|100%| E|CS|TAMS 0x0000000717e00000, 0x0000000717e00000| Complete 
| 119|0x0000000718000000, 0x0000000718200000, 0x0000000718200000|100%| E|CS|TAMS 0x0000000718000000, 0x0000000718000000| Complete 
| 120|0x0000000718200000, 0x0000000718400000, 0x0000000718400000|100%| E|CS|TAMS 0x0000000718200000, 0x0000000718200000| Complete 
| 121|0x0000000718400000, 0x0000000718600000, 0x0000000718600000|100%| E|CS|TAMS 0x0000000718400000, 0x0000000718400000| Complete 
| 122|0x0000000718600000, 0x0000000718800000, 0x0000000718800000|100%| E|CS|TAMS 0x0000000718600000, 0x0000000718600000| Complete 
| 123|0x0000000718800000, 0x0000000718a00000, 0x0000000718a00000|100%| E|CS|TAMS 0x0000000718800000, 0x0000000718800000| Complete 

Card table byte_map: [0x000001de279f0000,0x000001de281b0000] _byte_map_base: 0x000001de241a7000

Marking Bits (Prev, Next): (CMBitMap*) 0x000001de10a1c7e0, (CMBitMap*) 0x000001de10a1c820
 Prev Bits: [0x000001de28970000, 0x000001de2c728000)
 Next Bits: [0x000001de2c730000, 0x000001de304e8000)

Polling page: 0x000001de0e8f0000

Metaspace:

Usage:
  Non-class:     13.82 MB used.
      Class:      1.93 MB used.
       Both:     15.75 MB used.

Virtual space:
  Non-class space:       16.00 MB reserved,      14.00 MB ( 88%) committed,  2 nodes.
      Class space:        1.00 GB reserved,       2.06 MB ( <1%) committed,  1 nodes.
             Both:        1.02 GB reserved,      16.06 MB (  2%) committed. 

Chunk freelists:
   Non-Class:  1.36 MB
       Class:  1.92 MB
        Both:  3.28 MB

MaxMetaspaceSize: unlimited
CompressedClassSpaceSize: 1.00 GB
Initial GC threshold: 21.00 MB
Current GC threshold: 21.00 MB
CDS: on
MetaspaceReclaimPolicy: balanced
 - commit_granule_bytes: 65536.
 - commit_granule_words: 8192.
 - virtual_space_node_default_size: 1048576.
 - enlarge_chunks_in_place: 1.
 - new_chunks_are_fully_committed: 0.
 - uncommit_free_chunks: 1.
 - use_allocation_guard: 0.
 - handle_deallocations: 1.


Internal statistics:

num_allocs_failed_limit: 0.
num_arena_births: 222.
num_arena_deaths: 0.
num_vsnodes_births: 3.
num_vsnodes_deaths: 0.
num_space_committed: 257.
num_space_uncommitted: 0.
num_chunks_returned_to_freelist: 0.
num_chunks_taken_from_freelist: 715.
num_chunk_merges: 0.
num_chunk_splits: 502.
num_chunks_enlarged: 407.
num_purges: 0.
num_inconsistent_stats: 0.

CodeHeap 'non-profiled nmethods': size=120000Kb used=726Kb max_used=726Kb free=119273Kb
 bounds [0x000001de1fd00000, 0x000001de1ff70000, 0x000001de27230000]
CodeHeap 'profiled nmethods': size=120000Kb used=3800Kb max_used=3800Kb free=116199Kb
 bounds [0x000001de18230000, 0x000001de185f0000, 0x000001de1f760000]
CodeHeap 'non-nmethods': size=5760Kb used=1199Kb max_used=1273Kb free=4560Kb
 bounds [0x000001de1f760000, 0x000001de1f9d0000, 0x000001de1fd00000]
 total_blobs=2554 nmethods=2057 adapters=409
 compilation: enabled
              stopped_count=0, restarted_count=0
 full_count=0

Compilation events (20 events):
Event: 6.870 Thread 0x000001de3343cfe0 2046       2       ch.qos.logback.core.subst.Tokenizer::handleLiteralState (141 bytes)
Event: 6.871 Thread 0x000001de3343cfe0 nmethod 2046 0x000001de185d3810 code [0x000001de185d3a60, 0x000001de185d3f08]
Event: 6.878 Thread 0x000001de3343cfe0 2047       2       java.util.HashMap$EntryIterator::next (5 bytes)
Event: 6.878 Thread 0x000001de3343cfe0 nmethod 2047 0x000001de185d4190 code [0x000001de185d4320, 0x000001de185d4448]
Event: 6.879 Thread 0x000001de3343cfe0 2048       2       java.lang.invoke.MethodType::dropParameterTypes (162 bytes)
Event: 6.880 Thread 0x000001de3343cfe0 nmethod 2048 0x000001de185d4510 code [0x000001de185d4760, 0x000001de185d4da8]
Event: 6.881 Thread 0x000001de3343cfe0 2049       2       ch.qos.logback.core.subst.Parser::peekAtCurentToken (35 bytes)
Event: 6.881 Thread 0x000001de3343cfe0 nmethod 2049 0x000001de185d5190 code [0x000001de185d5340, 0x000001de185d5538]
Event: 6.885 Thread 0x000001de3343cfe0 2050       2       java.util.Properties::getProperty (50 bytes)
Event: 6.885 Thread 0x000001de3343cfe0 nmethod 2050 0x000001de185d5610 code [0x000001de185d57c0, 0x000001de185d59f8]
Event: 6.885 Thread 0x000001de3343cfe0 2051       1       java.util.logging.LogManager$LoggerContext::getOwner (5 bytes)
Event: 6.886 Thread 0x000001de3343cfe0 nmethod 2051 0x000001de1fdb5390 code [0x000001de1fdb5520, 0x000001de1fdb55f8]
Event: 6.886 Thread 0x000001de3343cfe0 2052 % !   3       java.util.concurrent.ConcurrentHashMap::transfer @ 96 (849 bytes)
Event: 6.891 Thread 0x000001de3343cfe0 nmethod 2052% 0x000001de185d5b10 code [0x000001de185d5f80, 0x000001de185d8998]
Event: 6.892 Thread 0x000001de3343cfe0 2053   !   3       java.util.concurrent.ConcurrentHashMap::transfer (849 bytes)
Event: 6.897 Thread 0x000001de3343cfe0 nmethod 2053 0x000001de185da210 code [0x000001de185da680, 0x000001de185dcef8]
Event: 6.905 Thread 0x000001de3343cfe0 2054       3       java.util.ArrayDeque::poll (5 bytes)
Event: 6.906 Thread 0x000001de3343cfe0 nmethod 2054 0x000001de185de710 code [0x000001de185de8a0, 0x000001de185dea68]
Event: 6.964 Thread 0x000001de3343cfe0 2055       2       java.lang.Character::isJavaIdentifierPart (5 bytes)
Event: 6.965 Thread 0x000001de3343cfe0 nmethod 2055 0x000001de185deb10 code [0x000001de185decc0, 0x000001de185dedf8]

GC Heap History (6 events):
Event: 2.462 GC heap before
{Heap before GC invocations=0 (full 0):
 garbage-first heap   total 253952K, used 10240K [0x0000000709200000, 0x0000000800000000)
  region size 2048K, 6 young (12288K), 0 survivors (0K)
 Metaspace       used 1927K, committed 2048K, reserved 1056768K
  class space    used 153K, committed 192K, reserved 1048576K
}
Event: 2.471 GC heap after
{Heap after GC invocations=1 (full 0):
 garbage-first heap   total 253952K, used 5912K [0x0000000709200000, 0x0000000800000000)
  region size 2048K, 1 young (2048K), 1 survivors (2048K)
 Metaspace       used 1927K, committed 2048K, reserved 1056768K
  class space    used 153K, committed 192K, reserved 1048576K
}
Event: 3.497 GC heap before
{Heap before GC invocations=1 (full 0):
 garbage-first heap   total 253952K, used 16152K [0x0000000709200000, 0x0000000800000000)
  region size 2048K, 6 young (12288K), 1 survivors (2048K)
 Metaspace       used 5377K, committed 5568K, reserved 1056768K
  class space    used 606K, committed 704K, reserved 1048576K
}
Event: 3.503 GC heap after
{Heap after GC invocations=2 (full 0):
 garbage-first heap   total 253952K, used 7162K [0x0000000709200000, 0x0000000800000000)
  region size 2048K, 1 young (2048K), 1 survivors (2048K)
 Metaspace       used 5377K, committed 5568K, reserved 1056768K
  class space    used 606K, committed 704K, reserved 1048576K
}
Event: 5.093 GC heap before
{Heap before GC invocations=2 (full 0):
 garbage-first heap   total 253952K, used 27642K [0x0000000709200000, 0x0000000800000000)
  region size 2048K, 11 young (22528K), 1 survivors (2048K)
 Metaspace       used 10220K, committed 10432K, reserved 1064960K
  class space    used 1221K, committed 1344K, reserved 1048576K
}
Event: 5.100 GC heap after
{Heap after GC invocations=3 (full 0):
 garbage-first heap   total 253952K, used 8423K [0x0000000709200000, 0x0000000800000000)
  region size 2048K, 2 young (4096K), 2 survivors (4096K)
 Metaspace       used 10220K, committed 10432K, reserved 1064960K
  class space    used 1221K, committed 1344K, reserved 1048576K
}

Deoptimization events (20 events):
Event: 5.788 Thread 0x000001de109b45c0 Uncommon trap: trap_request=0xffffffde fr.pc=0x000001de1fd93e20 relative=0x0000000000000a80
Event: 5.788 Thread 0x000001de109b45c0 Uncommon trap: reason=class_check action=maybe_recompile pc=0x000001de1fd93e20 method=java.util.HashMap.putVal(ILjava/lang/Object;Ljava/lang/Object;ZZ)Ljava/lang/Object; @ 91 c2
Event: 5.788 Thread 0x000001de109b45c0 DEOPT PACKING pc=0x000001de1fd93e20 sp=0x00000052a11fc840
Event: 5.788 Thread 0x000001de109b45c0 DEOPT UNPACKING pc=0x000001de1f7b23a3 sp=0x00000052a11fc778 mode 2
Event: 5.811 Thread 0x000001de109b45c0 Uncommon trap: trap_request=0xffffff45 fr.pc=0x000001de1fd87034 relative=0x0000000000000374
Event: 5.811 Thread 0x000001de109b45c0 Uncommon trap: reason=unstable_if action=reinterpret pc=0x000001de1fd87034 method=java.util.HashMap.getNode(Ljava/lang/Object;)Ljava/util/HashMap$Node; @ 66 c2
Event: 5.811 Thread 0x000001de109b45c0 DEOPT PACKING pc=0x000001de1fd87034 sp=0x00000052a11fd2a0
Event: 5.811 Thread 0x000001de109b45c0 DEOPT UNPACKING pc=0x000001de1f7b23a3 sp=0x00000052a11fd1c0 mode 2
Event: 5.818 Thread 0x000001de109b45c0 Uncommon trap: trap_request=0xffffff45 fr.pc=0x000001de1fd60738 relative=0x00000000000002f8
Event: 5.818 Thread 0x000001de109b45c0 Uncommon trap: reason=unstable_if action=reinterpret pc=0x000001de1fd60738 method=java.util.HashMap.getNode(Ljava/lang/Object;)Ljava/util/HashMap$Node; @ 66 c2
Event: 5.818 Thread 0x000001de109b45c0 DEOPT PACKING pc=0x000001de1fd60738 sp=0x00000052a11fd240
Event: 5.818 Thread 0x000001de109b45c0 DEOPT UNPACKING pc=0x000001de1f7b23a3 sp=0x00000052a11fd1c0 mode 2
Event: 5.897 Thread 0x000001de109b45c0 Uncommon trap: trap_request=0xffffffc6 fr.pc=0x000001de1fda15b4 relative=0x0000000000000a94
Event: 5.897 Thread 0x000001de109b45c0 Uncommon trap: reason=bimorphic_or_optimized_type_check action=maybe_recompile pc=0x000001de1fda15b4 method=java.util.HashMap.putVal(ILjava/lang/Object;Ljava/lang/Object;ZZ)Ljava/lang/Object; @ 253 c2
Event: 5.897 Thread 0x000001de109b45c0 DEOPT PACKING pc=0x000001de1fda15b4 sp=0x00000052a11fda30
Event: 5.897 Thread 0x000001de109b45c0 DEOPT UNPACKING pc=0x000001de1f7b23a3 sp=0x00000052a11fd968 mode 2
Event: 6.812 Thread 0x000001de109b45c0 Uncommon trap: trap_request=0xffffff45 fr.pc=0x000001de1fd95544 relative=0x0000000000000124
Event: 6.812 Thread 0x000001de109b45c0 Uncommon trap: reason=unstable_if action=reinterpret pc=0x000001de1fd95544 method=java.util.Arrays.equals([Ljava/lang/Object;[Ljava/lang/Object;)Z @ 23 c2
Event: 6.812 Thread 0x000001de109b45c0 DEOPT PACKING pc=0x000001de1fd95544 sp=0x00000052a11fe090
Event: 6.812 Thread 0x000001de109b45c0 DEOPT UNPACKING pc=0x000001de1f7b23a3 sp=0x00000052a11fe018 mode 2

Classes unloaded (0 events):
No events

Classes redefined (0 events):
No events

Internal exceptions (20 events):
Event: 4.747 Thread 0x000001de109b45c0 Exception <a 'java/lang/NoSuchMethodError'{0x0000000717a4ad08}: 'java.lang.Object java.lang.invoke.DirectMethodHandle$Holder.invokeSpecial(java.lang.Object, java.lang.Object, java.lang.Object, int, java.lang.Object)'> (0x0000000717a4ad08) 
thrown [s\open\src\hotspot\share\interpreter\linkResolver.cpp, line 759]
Event: 4.749 Thread 0x000001de109b45c0 Exception <a 'java/lang/NoSuchMethodError'{0x0000000717a53270}: 'java.lang.Object java.lang.invoke.DirectMethodHandle$Holder.newInvokeSpecial(java.lang.Object, java.lang.Object, java.lang.Object, int, java.lang.Object)'> (0x0000000717a53270) 
thrown [s\open\src\hotspot\share\interpreter\linkResolver.cpp, line 759]
Event: 4.750 Thread 0x000001de109b45c0 Exception <a 'java/lang/NoSuchMethodError'{0x0000000717a5ac40}: 'java.lang.Object java.lang.invoke.Invokers$Holder.linkToTargetMethod(java.lang.Object, java.lang.Object, int, java.lang.Object, java.lang.Object)'> (0x0000000717a5ac40) 
thrown [s\open\src\hotspot\share\interpreter\linkResolver.cpp, line 759]
Event: 4.753 Thread 0x000001de109b45c0 Exception <a 'java/lang/NoSuchMethodError'{0x0000000717a66750}: 'java.lang.Object java.lang.invoke.DirectMethodHandle$Holder.newInvokeSpecial(java.lang.Object, int, java.lang.Object)'> (0x0000000717a66750) 
thrown [s\open\src\hotspot\share\interpreter\linkResolver.cpp, line 759]
Event: 4.754 Thread 0x000001de109b45c0 Exception <a 'java/lang/NoSuchMethodError'{0x0000000717a6b220}: 'int java.lang.invoke.DirectMethodHandle$Holder.invokeSpecialIFC(java.lang.Object, java.lang.Object, java.lang.Object, java.lang.Object)'> (0x0000000717a6b220) 
thrown [s\open\src\hotspot\share\interpreter\linkResolver.cpp, line 759]
Event: 5.604 Thread 0x000001de109b45c0 Exception <a 'java/lang/NoSuchMethodError'{0x0000000717c1cf10}: 'long java.lang.invoke.DirectMethodHandle$Holder.invokeSpecial(java.lang.Object, java.lang.Object)'> (0x0000000717c1cf10) 
thrown [s\open\src\hotspot\share\interpreter\linkResolver.cpp, line 759]
Event: 5.608 Thread 0x000001de109b45c0 Exception <a 'java/lang/NoSuchMethodError'{0x0000000717c28128}: 'long java.lang.invoke.DirectMethodHandle$Holder.invokeStatic(java.lang.Object, java.lang.Object)'> (0x0000000717c28128) 
thrown [s\open\src\hotspot\share\interpreter\linkResolver.cpp, line 759]
Event: 5.609 Thread 0x000001de109b45c0 Exception <a 'java/lang/NoSuchMethodError'{0x0000000717c2b9d0}: 'long java.lang.invoke.DirectMethodHandle$Holder.invokeStaticInit(java.lang.Object, java.lang.Object)'> (0x0000000717c2b9d0) 
thrown [s\open\src\hotspot\share\interpreter\linkResolver.cpp, line 759]
Event: 5.612 Thread 0x000001de109b45c0 Exception <a 'java/lang/NoSuchMethodError'{0x0000000717c39b30}: 'long java.lang.invoke.DirectMethodHandle$Holder.invokeInterface(java.lang.Object, java.lang.Object)'> (0x0000000717c39b30) 
thrown [s\open\src\hotspot\share\interpreter\linkResolver.cpp, line 759]
Event: 5.613 Thread 0x000001de109b45c0 Exception <a 'java/lang/IncompatibleClassChangeError'{0x0000000717c3d368}: Found class java.lang.Object, but interface was expected> (0x0000000717c3d368) 
thrown [s\open\src\hotspot\share\interpreter\linkResolver.cpp, line 826]
Event: 5.633 Thread 0x000001de109b45c0 Exception <a 'java/lang/NoSuchMethodError'{0x0000000717ca9258}: 'java.lang.Object java.lang.invoke.DirectMethodHandle$Holder.invokeVirtual(java.lang.Object, java.lang.Object, java.lang.Object, java.lang.Object)'> (0x0000000717ca9258) 
thrown [s\open\src\hotspot\share\interpreter\linkResolver.cpp, line 759]
Event: 5.656 Thread 0x000001de109b45c0 Exception <a 'java/lang/NoSuchMethodError'{0x0000000717d04f28}: 'void java.lang.invoke.DirectMethodHandle$Holder.invokeVirtual(java.lang.Object, java.lang.Object, java.lang.Object, java.lang.Object)'> (0x0000000717d04f28) 
thrown [s\open\src\hotspot\share\interpreter\linkResolver.cpp, line 759]
Event: 5.894 Thread 0x000001de109b45c0 Exception <a 'java/lang/NoSuchMethodError'{0x00000007179510a8}: 'int java.lang.invoke.DirectMethodHandle$Holder.invokeVirtual(java.lang.Object, java.lang.Object, java.lang.Object)'> (0x00000007179510a8) 
thrown [s\open\src\hotspot\share\interpreter\linkResolver.cpp, line 759]
Event: 6.377 Thread 0x000001de109b45c0 Exception <a 'java/lang/NoSuchMethodError'{0x000000071776bd08}: 'void java.lang.invoke.DirectMethodHandle$Holder.invokeInterface(java.lang.Object, java.lang.Object, java.lang.Object)'> (0x000000071776bd08) 
thrown [s\open\src\hotspot\share\interpreter\linkResolver.cpp, line 759]
Event: 6.774 Thread 0x000001de109b45c0 Exception <a 'java/lang/NoSuchMethodError'{0x0000000716f6c9e0}: 'void java.lang.invoke.DirectMethodHandle$Holder.invokeStaticInit(java.lang.Object, java.lang.Object)'> (0x0000000716f6c9e0) 
thrown [s\open\src\hotspot\share\interpreter\linkResolver.cpp, line 759]
Event: 6.777 Thread 0x000001de109b45c0 Exception <a 'java/lang/NoSuchMethodError'{0x0000000716f79100}: 'void java.lang.invoke.DirectMethodHandle$Holder.invokeStaticInit(java.lang.Object, java.lang.Object, java.lang.Object)'> (0x0000000716f79100) 
thrown [s\open\src\hotspot\share\interpreter\linkResolver.cpp, line 759]
Event: 6.805 Thread 0x000001de109b45c0 Exception <a 'java/lang/NoSuchMethodError'{0x0000000716f8a0b8}: 'java.lang.Object java.lang.invoke.DirectMethodHandle$Holder.invokeStatic(java.lang.Object, java.lang.Object, long, java.lang.Object)'> (0x0000000716f8a0b8) 
thrown [s\open\src\hotspot\share\interpreter\linkResolver.cpp, line 759]
Event: 6.806 Thread 0x000001de109b45c0 Exception <a 'java/lang/NoSuchMethodError'{0x0000000716f8db50}: 'java.lang.Object java.lang.invoke.DirectMethodHandle$Holder.invokeStaticInit(java.lang.Object, java.lang.Object, long, java.lang.Object)'> (0x0000000716f8db50) 
thrown [s\open\src\hotspot\share\interpreter\linkResolver.cpp, line 759]
Event: 6.809 Thread 0x000001de109b45c0 Exception <a 'java/lang/NoSuchMethodError'{0x0000000716f93e80}: 'java.lang.Object java.lang.invoke.DirectMethodHandle$Holder.newInvokeSpecial(java.lang.Object, java.lang.Object, long)'> (0x0000000716f93e80) 
thrown [s\open\src\hotspot\share\interpreter\linkResolver.cpp, line 759]
Event: 6.810 Thread 0x000001de109b45c0 Exception <a 'java/lang/NoSuchMethodError'{0x0000000716f979f0}: 'java.lang.Object java.lang.invoke.Invokers$Holder.linkToTargetMethod(java.lang.Object, long, java.lang.Object)'> (0x0000000716f979f0) 
thrown [s\open\src\hotspot\share\interpreter\linkResolver.cpp, line 759]

VM Operations (20 events):
Event: 4.823 Executing VM operation: ICBufferFull
Event: 4.823 Executing VM operation: ICBufferFull done
Event: 4.967 Executing VM operation: HandshakeAllThreads
Event: 4.967 Executing VM operation: HandshakeAllThreads done
Event: 4.968 Executing VM operation: HandshakeAllThreads
Event: 4.968 Executing VM operation: HandshakeAllThreads done
Event: 5.092 Executing VM operation: G1CollectForAllocation
Event: 5.100 Executing VM operation: G1CollectForAllocation done
Event: 5.227 Executing VM operation: HandshakeAllThreads
Event: 5.227 Executing VM operation: HandshakeAllThreads done
Event: 5.230 Executing VM operation: HandshakeAllThreads
Event: 5.230 Executing VM operation: HandshakeAllThreads done
Event: 5.659 Executing VM operation: HandshakeAllThreads
Event: 5.659 Executing VM operation: HandshakeAllThreads done
Event: 5.762 Executing VM operation: HandshakeAllThreads
Event: 5.762 Executing VM operation: HandshakeAllThreads done
Event: 6.240 Executing VM operation: HandshakeAllThreads
Event: 6.241 Executing VM operation: HandshakeAllThreads done
Event: 6.241 Executing VM operation: Cleanup
Event: 6.242 Executing VM operation: Cleanup done

Events (20 events):
Event: 6.804 loading class java/lang/ProcessHandle
Event: 6.804 loading class java/lang/ProcessHandle done
Event: 6.804 loading class java/lang/ProcessHandleImpl
Event: 6.804 loading class java/lang/ProcessHandleImpl done
Event: 6.811 loading class java/util/concurrent/SynchronousQueue
Event: 6.811 loading class java/util/concurrent/SynchronousQueue done
Event: 6.811 loading class java/util/concurrent/SynchronousQueue$TransferStack
Event: 6.811 loading class java/util/concurrent/SynchronousQueue$Transferer
Event: 6.811 loading class java/util/concurrent/SynchronousQueue$Transferer done
Event: 6.811 loading class java/util/concurrent/SynchronousQueue$TransferStack done
Event: 6.811 loading class java/util/concurrent/SynchronousQueue$TransferStack$SNode
Event: 6.811 loading class java/util/concurrent/SynchronousQueue$TransferStack$SNode done
Event: 6.832 loading class java/util/concurrent/ScheduledExecutorService
Event: 6.832 loading class java/util/concurrent/ScheduledExecutorService done
Event: 6.833 loading class java/util/concurrent/Executors$DefaultThreadFactory
Event: 6.833 loading class java/util/concurrent/Executors$DefaultThreadFactory done
Event: 6.876 loading class java/util/Stack
Event: 6.876 loading class java/util/Stack done
Event: 6.877 loading class java/util/Vector$Itr
Event: 6.877 loading class java/util/Vector$Itr done


Dynamic libraries:
0x00007ff7771a0000 - 0x00007ff7771b0000 	C:\jdk-17\bin\java.exe
0x00007ffa2c710000 - 0x00007ffa2c908000 	C:\WINDOWS\SYSTEM32\ntdll.dll
0x00007ffa2bc60000 - 0x00007ffa2bd1d000 	C:\WINDOWS\System32\KERNEL32.DLL
0x00007ffa2a0f0000 - 0x00007ffa2a3e6000 	C:\WINDOWS\System32\KERNELBASE.dll
0x00007ffa29df0000 - 0x00007ffa29ef0000 	C:\WINDOWS\System32\ucrtbase.dll
0x00007ffa24190000 - 0x00007ffa241a8000 	C:\jdk-17\bin\jli.dll
0x00007ffa2c470000 - 0x00007ffa2c51e000 	C:\WINDOWS\System32\ADVAPI32.dll
0x00007ffa2b930000 - 0x00007ffa2b9ce000 	C:\WINDOWS\System32\msvcrt.dll
0x00007ffa2bb60000 - 0x00007ffa2bbfc000 	C:\WINDOWS\System32\sechost.dll
0x00007ffa2ba30000 - 0x00007ffa2bb56000 	C:\WINDOWS\System32\RPCRT4.dll
0x00007ffa24070000 - 0x00007ffa2408b000 	C:\jdk-17\bin\VCRUNTIME140.dll
0x00007ffa2c2d0000 - 0x00007ffa2c46e000 	C:\WINDOWS\System32\USER32.dll
0x00007ffa2a740000 - 0x00007ffa2a762000 	C:\WINDOWS\System32\win32u.dll
0x00007ffa2c2a0000 - 0x00007ffa2c2cc000 	C:\WINDOWS\System32\GDI32.dll
0x00007ffa29fd0000 - 0x00007ffa2a0ea000 	C:\WINDOWS\System32\gdi32full.dll
0x00007ffa13be0000 - 0x00007ffa13e7a000 	C:\WINDOWS\WinSxS\amd64_microsoft.windows.common-controls_6595b64144ccf1df_6.0.19041.1110_none_60b5254171f9507e\COMCTL32.dll
0x00007ffa2a6a0000 - 0x00007ffa2a73d000 	C:\WINDOWS\System32\msvcp_win.dll
0x00007ffa1acf0000 - 0x00007ffa1acfa000 	C:\WINDOWS\SYSTEM32\VERSION.dll
0x00007ffa2aaa0000 - 0x00007ffa2aad0000 	C:\WINDOWS\System32\IMM32.DLL
0x00007ffa24360000 - 0x00007ffa2436c000 	C:\jdk-17\bin\vcruntime140_1.dll
0x00007ffa0f1d0000 - 0x00007ffa0f25e000 	C:\jdk-17\bin\msvcp140.dll
0x00007ff9e5290000 - 0x00007ff9e5e67000 	C:\jdk-17\bin\server\jvm.dll
0x00007ffa2c290000 - 0x00007ffa2c298000 	C:\WINDOWS\System32\PSAPI.DLL
0x00007ffa0be90000 - 0x00007ffa0be99000 	C:\WINDOWS\SYSTEM32\WSOCK32.dll
0x00007ffa2a8b0000 - 0x00007ffa2a91b000 	C:\WINDOWS\System32\WS2_32.dll
0x00007ffa16df0000 - 0x00007ffa16e17000 	C:\WINDOWS\SYSTEM32\WINMM.dll
0x00007ffa27c40000 - 0x00007ffa27c52000 	C:\WINDOWS\SYSTEM32\kernel.appcore.dll
0x00007ffa242a0000 - 0x00007ffa242aa000 	C:\jdk-17\bin\jimage.dll
0x00007ffa1ae10000 - 0x00007ffa1aff4000 	C:\WINDOWS\SYSTEM32\DBGHELP.DLL
0x00007ffa1add0000 - 0x00007ffa1ae04000 	C:\WINDOWS\SYSTEM32\dbgcore.DLL
0x00007ffa29ef0000 - 0x00007ffa29f72000 	C:\WINDOWS\System32\bcryptPrimitives.dll
0x00007ffa224b0000 - 0x00007ffa224be000 	C:\jdk-17\bin\instrument.dll
0x00007ffa24020000 - 0x00007ffa24045000 	C:\jdk-17\bin\java.dll
0x00007ff9ff6e0000 - 0x00007ff9ff7b7000 	C:\jdk-17\bin\jsvml.dll
0x00007ffa2b1b0000 - 0x00007ffa2b8f5000 	C:\WINDOWS\System32\SHELL32.dll
0x00007ffa27e40000 - 0x00007ffa285db000 	C:\WINDOWS\SYSTEM32\windows.storage.dll
0x00007ffa2bdf0000 - 0x00007ffa2c144000 	C:\WINDOWS\System32\combase.dll
0x00007ffa29750000 - 0x00007ffa2977e000 	C:\WINDOWS\SYSTEM32\Wldp.dll
0x00007ffa2b100000 - 0x00007ffa2b1ad000 	C:\WINDOWS\System32\SHCORE.dll
0x00007ffa2bc00000 - 0x00007ffa2bc55000 	C:\WINDOWS\System32\shlwapi.dll
0x00007ffa29d20000 - 0x00007ffa29d45000 	C:\WINDOWS\SYSTEM32\profapi.dll
0x00007ffa23d80000 - 0x00007ffa23d98000 	C:\jdk-17\bin\zip.dll
0x00007ffa23f30000 - 0x00007ffa23f49000 	C:\jdk-17\bin\net.dll
0x00007ffa1c790000 - 0x00007ffa1c89a000 	C:\WINDOWS\SYSTEM32\WINHTTP.dll
0x00007ffa29530000 - 0x00007ffa2959a000 	C:\WINDOWS\system32\mswsock.dll
0x00007ffa23da0000 - 0x00007ffa23db6000 	C:\jdk-17\bin\nio.dll
0x00007ffa16dd0000 - 0x00007ffa16dea000 	C:\Program Files\JetBrains\IntelliJ IDEA Community Edition 2023.1.2\bin\breakgen64.dll
0x00007ffa291f0000 - 0x00007ffa2922b000 	C:\WINDOWS\SYSTEM32\IPHLPAPI.DLL
0x00007ffa2b0f0000 - 0x00007ffa2b0f8000 	C:\WINDOWS\System32\NSI.dll
0x00007ffa201b0000 - 0x00007ffa201c7000 	C:\WINDOWS\SYSTEM32\dhcpcsvc6.DLL
0x00007ffa20190000 - 0x00007ffa201ad000 	C:\WINDOWS\SYSTEM32\dhcpcsvc.DLL
0x00007ffa29240000 - 0x00007ffa2930a000 	C:\WINDOWS\SYSTEM32\DNSAPI.dll
0x00007ffa21f60000 - 0x00007ffa21f6a000 	C:\Windows\System32\rasadhlp.dll
0x00007ffa1c3b0000 - 0x00007ffa1c432000 	C:\WINDOWS\System32\fwpuclnt.dll
0x00007ffa2a670000 - 0x00007ffa2a697000 	C:\WINDOWS\System32\bcrypt.dll

dbghelp: loaded successfully - version: 4.0.5 - missing functions: none
symbol engine: initialized successfully - sym options: 0x614 - pdb path: .;C:\jdk-17\bin;C:\WINDOWS\SYSTEM32;C:\WINDOWS\WinSxS\amd64_microsoft.windows.common-controls_6595b64144ccf1df_6.0.19041.1110_none_60b5254171f9507e;C:\jdk-17\bin\server;C:\Program Files\JetBrains\IntelliJ IDEA Community Edition 2023.1.2\bin

VM Arguments:
jvm_args: -javaagent:C:\Program Files\JetBrains\IntelliJ IDEA Community Edition 2023.1.2\lib\idea_rt.jar=53058:C:\Program Files\JetBrains\IntelliJ IDEA Community Edition 2023.1.2\bin -Dfile.encoding=UTF-8 
java_command: com.microservices.employeeservice.EmployeeServiceApplication
java_class_path (initial): E:\SpringBoot_Apps\Microservices\employee-service\target\classes;C:\Users\user\.m2\repository\org\springframework\boot\spring-boot-starter-actuator\3.1.4\spring-boot-starter-actuator-3.1.4.jar;C:\Users\user\.m2\repository\org\springframework\boot\spring-boot-starter\3.1.4\spring-boot-starter-3.1.4.jar;C:\Users\user\.m2\repository\org\springframework\boot\spring-boot\3.1.4\spring-boot-3.1.4.jar;C:\Users\user\.m2\repository\org\springframework\boot\spring-boot-autoconfigure\3.1.4\spring-boot-autoconfigure-3.1.4.jar;C:\Users\user\.m2\repository\org\springframework\boot\spring-boot-starter-logging\3.1.4\spring-boot-starter-logging-3.1.4.jar;C:\Users\user\.m2\repository\ch\qos\logback\logback-classic\1.4.11\logback-classic-1.4.11.jar;C:\Users\user\.m2\repository\ch\qos\logback\logback-core\1.4.11\logback-core-1.4.11.jar;C:\Users\user\.m2\repository\org\apache\logging\log4j\log4j-to-slf4j\2.20.0\log4j-to-slf4j-2.20.0.jar;C:\Users\user\.m2\repository\org\apache\logging\log4j\log4j-api\2.20.0\log4j-api-2.20.0.jar;C:\Users\user\.m2\repository\org\slf4j\jul-to-slf4j\2.0.9\jul-to-slf4j-2.0.9.jar;C:\Users\user\.m2\repository\jakarta\annotation\jakarta.annotation-api\2.1.1\jakarta.annotation-api-2.1.1.jar;C:\Users\user\.m2\repository\org\yaml\snakeyaml\1.33\snakeyaml-1.33.jar;C:\Users\user\.m2\repository\org\springframework\boot\spring-boot-actuator-autoconfigure\3.1.4\spring-boot-actuator-autoconfigure-3.1.4.jar;C:\Users\user\.m2\repository\org\springframework\boot\spring-boot-actuator\3.1.4\spring-boot-actuator-3.1.4.jar;C:\Users\user\.m2\repository\com\fasterxml\jackson\datatype\jackson-datatype-jsr310\2.15.2\jackson-datatype-jsr310-2.15.2.jar;C:\Users\user\.m2\repository\io\micrometer\micrometer-observation\1.11.4\micrometer-observation-1.11.4.jar;C:\Users\user\.m2\repository\io\micrometer\micrometer-commons\1.11.4\micrometer-commons-1.11.4.jar;C:\Users\user\.m2\repository\io\micrometer\micrometer-core\1.11.4\micrometer-core-1.11.4.jar;C:\Users\u
Launcher Type: SUN_STANDARD

[Global flags]
     intx CICompilerCount                          = 3                                         {product} {ergonomic}
     uint ConcGCThreads                            = 1                                         {product} {ergonomic}
     uint G1ConcRefinementThreads                  = 4                                         {product} {ergonomic}
   size_t G1HeapRegionSize                         = 2097152                                   {product} {ergonomic}
    uintx GCDrainStackTargetSize                   = 64                                        {product} {ergonomic}
   size_t InitialHeapSize                          = 260046848                                 {product} {ergonomic}
   size_t MarkStackSize                            = 4194304                                   {product} {ergonomic}
   size_t MaxHeapSize                              = 4141875200                                {product} {ergonomic}
   size_t MaxNewSize                               = 2485125120                                {product} {ergonomic}
   size_t MinHeapDeltaBytes                        = 2097152                                   {product} {ergonomic}
   size_t MinHeapSize                              = 8388608                                   {product} {ergonomic}
    uintx NonNMethodCodeHeapSize                   = 5832780                                {pd product} {ergonomic}
    uintx NonProfiledCodeHeapSize                  = 122912730                              {pd product} {ergonomic}
    uintx ProfiledCodeHeapSize                     = 122912730                              {pd product} {ergonomic}
    uintx ReservedCodeCacheSize                    = 251658240                              {pd product} {ergonomic}
     bool SegmentedCodeCache                       = true                                      {product} {ergonomic}
   size_t SoftMaxHeapSize                          = 4141875200                             {manageable} {ergonomic}
     bool UseCompressedClassPointers               = true                           {product lp64_product} {ergonomic}
     bool UseCompressedOops                        = true                           {product lp64_product} {ergonomic}
     bool UseG1GC                                  = true                                      {product} {ergonomic}
     bool UseLargePagesIndividualAllocation        = false                                  {pd product} {ergonomic}

Logging:
Log output configuration:
 #0: stdout all=warning uptime,level,tags
 #1: stderr all=off uptime,level,tags

Environment Variables:
JAVA_HOME=C:\jdk-17
CLASSPATH=C:\Users\user\OneDrive\Bureau\WINDOWS.X64_213000_client_home\sqlj\lib\translator.jar;C:\Users\user\OneDrive\Bureau\WINDOWS.X64_213000_client_home\sqlj\lib\runtime12.jar;C:\Users\user\OneDrive\Bureau\WINDOWS.X64_213000_client_home\jdbc\lib\ojdbc11.jar;
PATH=C:\Anaconda3;C:\Anaconda3\Library\mingw-w64\bin;C:\Anaconda3\Library\usr\bin;C:\Anaconda3\Library\bin;C:\Anaconda3\Scripts;C:\app\user\product\18.0.0\dbhomeXE\bin;C:\WINDOWS\system32;C:\WINDOWS;C:\WINDOWS\System32\Wbem;C:\WINDOWS\System32\WindowsPowerShell\v1.0\;C:\WINDOWS\System32\OpenSSH\;C:\Program Files\Git\cmd;C:\Program Files\CMake\bin;C:\Program Files\nodejs\;C:\Program Files (x86)\MATLAB\MATLAB Production Server\R2015a\runtime\win32;C:\Program Files (x86)\MATLAB\MATLAB Production Server\R2015a\bin;C:\Program Files (x86)\MATLAB\MATLAB Production Server\R2015a\polyspace\bin;C:\xampp\php;C:\ProgramData\ComposerSetup\bin;C:\QNX640\host\win32\x86\usr\bin;C:\Program Files (x86)\QNX Software Systems\bin;C:\Program Files (x86)\Windows Kits\10\Include;C:\Program Files\Microsoft Visual Studio\2022\Community\VC\Tools\MSVC\14.33.31629\bin\Hostx64\x64;C:\Program Files\Microsoft Visual Studio\2022\Community\VC\Auxiliary\VS\include;C:\Program Files\Microsoft Visual Studio\2022\Community\VC\Tools\MSVC\14.33.31629\include;C:\app\user\product\18.0.0\dbhomeXE\precomp\public;;C:\Program Files\Docker\Docker\resources\bin;C:\jdk-17\bin;C:\Users\user\AppData\Local\Programs\Python\Python39\;C:\Users\user\AppData\Local\Programs\Python\Python39\Scripts\;C:\msys64\mingw64\bin;D:\Microsoft VS Code\bin;C:\Users\user\AppData\Roaming\npm;C:\Program Files\swipl\bin;C:\Users\user\AppData\Roaming\Composer\vendor\bin;D:\Flutter\src\flutter\bin;C:\Users\user\AppData\Local\Microsoft\WindowsApps;C:\Users\user\OneDrive\Bureau\WINDOWS.X64_213000_client_home\bin;C:\Program Files\Microsoft Visual Studio\2022\Community\VC\Tools\MSVC\14.33.31629\bin\Hostx64\x64;C:\Program Files\CodeBlocks\MinGW\bin;C:\Program Files\CMake\bin;C:\Program Files (x86)\Windows Kits\10\bin;C:\Program Files\Microsoft Visual Studio\2022\Community\VC\Auxiliary\VS\include;C:\Program Files\Microsoft Visual Studio\2022\Community\VC\Tools\MSVC\14.33.31629\include;C:\Program Files (x86)\Windows Kits\10\Include;C:\app\user\product
USERNAME=user
OS=Windows_NT
PROCESSOR_IDENTIFIER=Intel64 Family 6 Model 78 Stepping 3, GenuineIntel



---------------  S Y S T E M  ---------------

OS:
 Windows 10 , 64 bit Build 19041 (10.0.19041.3393)
OS uptime: 3 days 8:52 hours
Hyper-V role detected

CPU: total 4 (initial active 4) (2 cores per cpu, 2 threads per core) family 6 model 78 stepping 3 microcode 0xcc, cx8, cmov, fxsr, ht, mmx, 3dnowpref, sse, sse2, sse3, ssse3, sse4.1, sse4.2, popcnt, lzcnt, tsc, tscinvbit, avx, avx2, aes, erms, clmul, bmi1, bmi2, rtm, adx, fma, vzeroupper, clflush, clflushopt, hv

Memory: 4k page, system-wide physical 15795M (3643M free)
TotalPageFile size 23593M (AvailPageFile size 12M)
current process WorkingSet (physical memory assigned to process): 142M, peak: 142M
current process commit charge ("private bytes"): 398M, peak: 400M

vm_info: Java HotSpot(TM) 64-Bit Server VM (17.0.6+9-LTS-190) for windows-amd64 JRE (17.0.6+9-LTS-190), built on Dec  6 2022 15:53:54 by "mach5one" with MS VC++ 17.1 (VS2022)

END.
